<?xml version="1.0" encoding="UTF-8"?>
<testsuite name="AbstractFactoryTest" tests="1" skipped="0" failures="0" errors="0" timestamp="2021-12-01T16:11:11" hostname="sarco" time="0.068">
  <properties/>
  <testcase name="abstractFactoryTest" classname="AbstractFactoryTest" time="0.068"/>
  <system-out><![CDATA[Created datasource: DataBasesDataSource@5a92ef5f
]]></system-out>
  <system-err><![CDATA[]]></system-err>
</testsuite>
